Successfully imported local measurement modules
Model loaded with 610 objects
Logo model loaded
Starting OCP Web Viewer (HTTP-based)...
Open http://localhost:5000 in your browser
API Documentation: http://localhost:5000/api/viewers
 * Serving Flask app 'app'
 * Debug mode: on
[31m[1mWARNING: This is a development server. Do not use it in a production deployment. Use a production WSGI server instead.[0m
 * Running on http://127.0.0.1:5000
[33mPress CTRL+C to quit[0m
 * Restarting with stat
Successfully imported local measurement modules
Model loaded with 610 objects
Logo model loaded
 * Debugger is active!
 * Debugger PIN: 104-710-288
127.0.0.1 - - [26/Nov/2025 19:11:32] "[31m[1mPOST /api/upload/python HTTP/1.1[0m" 400 -
 * Detected change in '/home/j2y/dev_repo/experiements/vscode-ocp-cad-viewer/ocp_web/app.py', reloading
Starting OCP Web Viewer (HTTP-based)...
Open http://localhost:5000 in your browser
API Documentation: http://localhost:5000/api/viewers
 * Restarting with stat
Successfully imported local measurement modules
Model loaded with 610 objects
Logo model loaded
 * Debugger is active!
 * Debugger PIN: 314-764-311
